memory[0]=8454157
memory[1]=8519694
memory[2]=8650764
memory[3]=23527424
memory[4]=25165824
memory[5]=589825
memory[6]=5373955
memory[7]=720897
memory[8]=851969
memory[9]=12648463
memory[10]=24903680
memory[11]=29360128
memory[12]=5
memory[13]=10
memory[14]=3
memory[15]=0

@@@
state:
	pc 0
	memory:
		mem[ 0 ] 8454157
		mem[ 1 ] 8519694
		mem[ 2 ] 8650764
		mem[ 3 ] 23527424
		mem[ 4 ] 25165824
		mem[ 5 ] 589825
		mem[ 6 ] 5373955
		mem[ 7 ] 720897
		mem[ 8 ] 851969
		mem[ 9 ] 12648463
		mem[ 10 ] 24903680
		mem[ 11 ] 29360128
		mem[ 12 ] 5
		mem[ 13 ] 10
		mem[ 14 ] 3
		mem[ 15 ] 0
	registers:
		reg[ 0 ] 0
		reg[ 1 ] 0
		reg[ 2 ] 0
		reg[ 3 ] 0
		reg[ 4 ] 0
		reg[ 5 ] 0
		reg[ 6 ] 0
		reg[ 7 ] 0
end state

@@@
state:
	pc 1
	memory:
		mem[ 0 ] 8454157
		mem[ 1 ] 8519694
		mem[ 2 ] 8650764
		mem[ 3 ] 23527424
		mem[ 4 ] 25165824
		mem[ 5 ] 589825
		mem[ 6 ] 5373955
		mem[ 7 ] 720897
		mem[ 8 ] 851969
		mem[ 9 ] 12648463
		mem[ 10 ] 24903680
		mem[ 11 ] 29360128
		mem[ 12 ] 5
		mem[ 13 ] 10
		mem[ 14 ] 3
		mem[ 15 ] 0
	registers:
		reg[ 0 ] 0
		reg[ 1 ] 10
		reg[ 2 ] 0
		reg[ 3 ] 0
		reg[ 4 ] 0
		reg[ 5 ] 0
		reg[ 6 ] 0
		reg[ 7 ] 0
end state

@@@
state:
	pc 2
	memory:
		mem[ 0 ] 8454157
		mem[ 1 ] 8519694
		mem[ 2 ] 8650764
		mem[ 3 ] 23527424
		mem[ 4 ] 25165824
		mem[ 5 ] 589825
		mem[ 6 ] 5373955
		mem[ 7 ] 720897
		mem[ 8 ] 851969
		mem[ 9 ] 12648463
		mem[ 10 ] 24903680
		mem[ 11 ] 29360128
		mem[ 12 ] 5
		mem[ 13 ] 10
		mem[ 14 ] 3
		mem[ 15 ] 0
	registers:
		reg[ 0 ] 0
		reg[ 1 ] 10
		reg[ 2 ] 3
		reg[ 3 ] 0
		reg[ 4 ] 0
		reg[ 5 ] 0
		reg[ 6 ] 0
		reg[ 7 ] 0
end state

@@@
state:
	pc 3
	memory:
		mem[ 0 ] 8454157
		mem[ 1 ] 8519694
		mem[ 2 ] 8650764
		mem[ 3 ] 23527424
		mem[ 4 ] 25165824
		mem[ 5 ] 589825
		mem[ 6 ] 5373955
		mem[ 7 ] 720897
		mem[ 8 ] 851969
		mem[ 9 ] 12648463
		mem[ 10 ] 24903680
		mem[ 11 ] 29360128
		mem[ 12 ] 5
		mem[ 13 ] 10
		mem[ 14 ] 3
		mem[ 15 ] 0
	registers:
		reg[ 0 ] 0
		reg[ 1 ] 10
		reg[ 2 ] 3
		reg[ 3 ] 0
		reg[ 4 ] 5
		reg[ 5 ] 0
		reg[ 6 ] 0
		reg[ 7 ] 0
end state

@@@
state:
	pc 5
	memory:
		mem[ 0 ] 8454157
		mem[ 1 ] 8519694
		mem[ 2 ] 8650764
		mem[ 3 ] 23527424
		mem[ 4 ] 25165824
		mem[ 5 ] 589825
		mem[ 6 ] 5373955
		mem[ 7 ] 720897
		mem[ 8 ] 851969
		mem[ 9 ] 12648463
		mem[ 10 ] 24903680
		mem[ 11 ] 29360128
		mem[ 12 ] 5
		mem[ 13 ] 10
		mem[ 14 ] 3
		mem[ 15 ] 0
	registers:
		reg[ 0 ] 0
		reg[ 1 ] 10
		reg[ 2 ] 3
		reg[ 3 ] 0
		reg[ 4 ] 5
		reg[ 5 ] 0
		reg[ 6 ] 0
		reg[ 7 ] 4
end state

@@@
state:
	pc 6
	memory:
		mem[ 0 ] 8454157
		mem[ 1 ] 8519694
		mem[ 2 ] 8650764
		mem[ 3 ] 23527424
		mem[ 4 ] 25165824
		mem[ 5 ] 589825
		mem[ 6 ] 5373955
		mem[ 7 ] 720897
		mem[ 8 ] 851969
		mem[ 9 ] 12648463
		mem[ 10 ] 24903680
		mem[ 11 ] 29360128
		mem[ 12 ] 5
		mem[ 13 ] 10
		mem[ 14 ] 3
		mem[ 15 ] 0
	registers:
		reg[ 0 ] 0
		reg[ 1 ] 20
		reg[ 2 ] 3
		reg[ 3 ] 0
		reg[ 4 ] 5
		reg[ 5 ] 0
		reg[ 6 ] 0
		reg[ 7 ] 4
end state

@@@
state:
	pc 7
	memory:
		mem[ 0 ] 8454157
		mem[ 1 ] 8519694
		mem[ 2 ] 8650764
		mem[ 3 ] 23527424
		mem[ 4 ] 25165824
		mem[ 5 ] 589825
		mem[ 6 ] 5373955
		mem[ 7 ] 720897
		mem[ 8 ] 851969
		mem[ 9 ] 12648463
		mem[ 10 ] 24903680
		mem[ 11 ] 29360128
		mem[ 12 ] 5
		mem[ 13 ] 10
		mem[ 14 ] 3
		mem[ 15 ] 0
	registers:
		reg[ 0 ] 0
		reg[ 1 ] 20
		reg[ 2 ] 3
		reg[ 3 ] -4
		reg[ 4 ] 5
		reg[ 5 ] 0
		reg[ 6 ] 0
		reg[ 7 ] 4
end state

@@@
state:
	pc 8
	memory:
		mem[ 0 ] 8454157
		mem[ 1 ] 8519694
		mem[ 2 ] 8650764
		mem[ 3 ] 23527424
		mem[ 4 ] 25165824
		mem[ 5 ] 589825
		mem[ 6 ] 5373955
		mem[ 7 ] 720897
		mem[ 8 ] 851969
		mem[ 9 ] 12648463
		mem[ 10 ] 24903680
		mem[ 11 ] 29360128
		mem[ 12 ] 5
		mem[ 13 ] 10
		mem[ 14 ] 3
		mem[ 15 ] 0
	registers:
		reg[ 0 ] 0
		reg[ 1 ] 16
		reg[ 2 ] 3
		reg[ 3 ] -4
		reg[ 4 ] 5
		reg[ 5 ] 0
		reg[ 6 ] 0
		reg[ 7 ] 4
end state

@@@
state:
	pc 9
	memory:
		mem[ 0 ] 8454157
		mem[ 1 ] 8519694
		mem[ 2 ] 8650764
		mem[ 3 ] 23527424
		mem[ 4 ] 25165824
		mem[ 5 ] 589825
		mem[ 6 ] 5373955
		mem[ 7 ] 720897
		mem[ 8 ] 851969
		mem[ 9 ] 12648463
		mem[ 10 ] 24903680
		mem[ 11 ] 29360128
		mem[ 12 ] 5
		mem[ 13 ] 10
		mem[ 14 ] 3
		mem[ 15 ] 0
	registers:
		reg[ 0 ] 0
		reg[ 1 ] 16
		reg[ 2 ] 3
		reg[ 3 ] -4
		reg[ 4 ] 5
		reg[ 5 ] 0
		reg[ 6 ] 0
		reg[ 7 ] 4
end state

@@@
state:
	pc 10
	memory:
		mem[ 0 ] 8454157
		mem[ 1 ] 8519694
		mem[ 2 ] 8650764
		mem[ 3 ] 23527424
		mem[ 4 ] 25165824
		mem[ 5 ] 589825
		mem[ 6 ] 5373955
		mem[ 7 ] 720897
		mem[ 8 ] 851969
		mem[ 9 ] 12648463
		mem[ 10 ] 24903680
		mem[ 11 ] 29360128
		mem[ 12 ] 5
		mem[ 13 ] 10
		mem[ 14 ] 3
		mem[ 15 ] 16
	registers:
		reg[ 0 ] 0
		reg[ 1 ] 16
		reg[ 2 ] 3
		reg[ 3 ] -4
		reg[ 4 ] 5
		reg[ 5 ] 0
		reg[ 6 ] 0
		reg[ 7 ] 4
end state

@@@
state:
	pc 4
	memory:
		mem[ 0 ] 8454157
		mem[ 1 ] 8519694
		mem[ 2 ] 8650764
		mem[ 3 ] 23527424
		mem[ 4 ] 25165824
		mem[ 5 ] 589825
		mem[ 6 ] 5373955
		mem[ 7 ] 720897
		mem[ 8 ] 851969
		mem[ 9 ] 12648463
		mem[ 10 ] 24903680
		mem[ 11 ] 29360128
		mem[ 12 ] 5
		mem[ 13 ] 10
		mem[ 14 ] 3
		mem[ 15 ] 16
	registers:
		reg[ 0 ] 0
		reg[ 1 ] 16
		reg[ 2 ] 3
		reg[ 3 ] -4
		reg[ 4 ] 11
		reg[ 5 ] 0
		reg[ 6 ] 0
		reg[ 7 ] 4
end state
machine halted
total of 11 instructions executed
final state of machine:

@@@
state:
	pc 5
	memory:
		mem[ 0 ] 8454157
		mem[ 1 ] 8519694
		mem[ 2 ] 8650764
		mem[ 3 ] 23527424
		mem[ 4 ] 25165824
		mem[ 5 ] 589825
		mem[ 6 ] 5373955
		mem[ 7 ] 720897
		mem[ 8 ] 851969
		mem[ 9 ] 12648463
		mem[ 10 ] 24903680
		mem[ 11 ] 29360128
		mem[ 12 ] 5
		mem[ 13 ] 10
		mem[ 14 ] 3
		mem[ 15 ] 16
	registers:
		reg[ 0 ] 0
		reg[ 1 ] 16
		reg[ 2 ] 3
		reg[ 3 ] -4
		reg[ 4 ] 11
		reg[ 5 ] 0
		reg[ 6 ] 0
		reg[ 7 ] 4
end state
