memory[0]=8454152
memory[1]=3
memory[2]=1638403
memory[3]=589825
memory[4]=17629185
memory[5]=16842748
memory[6]=12779529
memory[7]=25165824
memory[8]=1
memory[9]=0

@@@
state:
	pc 0
	memory:
		mem[ 0 ] 8454152
		mem[ 1 ] 3
		mem[ 2 ] 1638403
		mem[ 3 ] 589825
		mem[ 4 ] 17629185
		mem[ 5 ] 16842748
		mem[ 6 ] 12779529
		mem[ 7 ] 25165824
		mem[ 8 ] 1
		mem[ 9 ] 0
	registers:
		reg[ 0 ] 0
		reg[ 1 ] 0
		reg[ 2 ] 0
		reg[ 3 ] 0
		reg[ 4 ] 0
		reg[ 5 ] 0
		reg[ 6 ] 0
		reg[ 7 ] 0
end state

@@@
state:
	pc 1
	memory:
		mem[ 0 ] 8454152
		mem[ 1 ] 3
		mem[ 2 ] 1638403
		mem[ 3 ] 589825
		mem[ 4 ] 17629185
		mem[ 5 ] 16842748
		mem[ 6 ] 12779529
		mem[ 7 ] 25165824
		mem[ 8 ] 1
		mem[ 9 ] 0
	registers:
		reg[ 0 ] 0
		reg[ 1 ] 1
		reg[ 2 ] 0
		reg[ 3 ] 0
		reg[ 4 ] 0
		reg[ 5 ] 0
		reg[ 6 ] 0
		reg[ 7 ] 0
end state

@@@
state:
	pc 2
	memory:
		mem[ 0 ] 8454152
		mem[ 1 ] 3
		mem[ 2 ] 1638403
		mem[ 3 ] 589825
		mem[ 4 ] 17629185
		mem[ 5 ] 16842748
		mem[ 6 ] 12779529
		mem[ 7 ] 25165824
		mem[ 8 ] 1
		mem[ 9 ] 0
	registers:
		reg[ 0 ] 0
		reg[ 1 ] 1
		reg[ 2 ] 0
		reg[ 3 ] 0
		reg[ 4 ] 0
		reg[ 5 ] 0
		reg[ 6 ] 0
		reg[ 7 ] 0
end state

@@@
state:
	pc 3
	memory:
		mem[ 0 ] 8454152
		mem[ 1 ] 3
		mem[ 2 ] 1638403
		mem[ 3 ] 589825
		mem[ 4 ] 17629185
		mem[ 5 ] 16842748
		mem[ 6 ] 12779529
		mem[ 7 ] 25165824
		mem[ 8 ] 1
		mem[ 9 ] 0
	registers:
		reg[ 0 ] 0
		reg[ 1 ] 1
		reg[ 2 ] 0
		reg[ 3 ] 1
		reg[ 4 ] 0
		reg[ 5 ] 0
		reg[ 6 ] 0
		reg[ 7 ] 0
end state

@@@
state:
	pc 4
	memory:
		mem[ 0 ] 8454152
		mem[ 1 ] 3
		mem[ 2 ] 1638403
		mem[ 3 ] 589825
		mem[ 4 ] 17629185
		mem[ 5 ] 16842748
		mem[ 6 ] 12779529
		mem[ 7 ] 25165824
		mem[ 8 ] 1
		mem[ 9 ] 0
	registers:
		reg[ 0 ] 0
		reg[ 1 ] 2
		reg[ 2 ] 0
		reg[ 3 ] 1
		reg[ 4 ] 0
		reg[ 5 ] 0
		reg[ 6 ] 0
		reg[ 7 ] 0
end state

@@@
state:
	pc 5
	memory:
		mem[ 0 ] 8454152
		mem[ 1 ] 3
		mem[ 2 ] 1638403
		mem[ 3 ] 589825
		mem[ 4 ] 17629185
		mem[ 5 ] 16842748
		mem[ 6 ] 12779529
		mem[ 7 ] 25165824
		mem[ 8 ] 1
		mem[ 9 ] 0
	registers:
		reg[ 0 ] 0
		reg[ 1 ] 2
		reg[ 2 ] 0
		reg[ 3 ] 1
		reg[ 4 ] 0
		reg[ 5 ] 0
		reg[ 6 ] 0
		reg[ 7 ] 0
end state

@@@
state:
	pc 2
	memory:
		mem[ 0 ] 8454152
		mem[ 1 ] 3
		mem[ 2 ] 1638403
		mem[ 3 ] 589825
		mem[ 4 ] 17629185
		mem[ 5 ] 16842748
		mem[ 6 ] 12779529
		mem[ 7 ] 25165824
		mem[ 8 ] 1
		mem[ 9 ] 0
	registers:
		reg[ 0 ] 0
		reg[ 1 ] 2
		reg[ 2 ] 0
		reg[ 3 ] 1
		reg[ 4 ] 0
		reg[ 5 ] 0
		reg[ 6 ] 0
		reg[ 7 ] 0
end state

@@@
state:
	pc 3
	memory:
		mem[ 0 ] 8454152
		mem[ 1 ] 3
		mem[ 2 ] 1638403
		mem[ 3 ] 589825
		mem[ 4 ] 17629185
		mem[ 5 ] 16842748
		mem[ 6 ] 12779529
		mem[ 7 ] 25165824
		mem[ 8 ] 1
		mem[ 9 ] 0
	registers:
		reg[ 0 ] 0
		reg[ 1 ] 2
		reg[ 2 ] 0
		reg[ 3 ] 3
		reg[ 4 ] 0
		reg[ 5 ] 0
		reg[ 6 ] 0
		reg[ 7 ] 0
end state

@@@
state:
	pc 4
	memory:
		mem[ 0 ] 8454152
		mem[ 1 ] 3
		mem[ 2 ] 1638403
		mem[ 3 ] 589825
		mem[ 4 ] 17629185
		mem[ 5 ] 16842748
		mem[ 6 ] 12779529
		mem[ 7 ] 25165824
		mem[ 8 ] 1
		mem[ 9 ] 0
	registers:
		reg[ 0 ] 0
		reg[ 1 ] 4
		reg[ 2 ] 0
		reg[ 3 ] 3
		reg[ 4 ] 0
		reg[ 5 ] 0
		reg[ 6 ] 0
		reg[ 7 ] 0
end state

@@@
state:
	pc 5
	memory:
		mem[ 0 ] 8454152
		mem[ 1 ] 3
		mem[ 2 ] 1638403
		mem[ 3 ] 589825
		mem[ 4 ] 17629185
		mem[ 5 ] 16842748
		mem[ 6 ] 12779529
		mem[ 7 ] 25165824
		mem[ 8 ] 1
		mem[ 9 ] 0
	registers:
		reg[ 0 ] 0
		reg[ 1 ] 4
		reg[ 2 ] 0
		reg[ 3 ] 3
		reg[ 4 ] 0
		reg[ 5 ] 0
		reg[ 6 ] 0
		reg[ 7 ] 0
end state

@@@
state:
	pc 2
	memory:
		mem[ 0 ] 8454152
		mem[ 1 ] 3
		mem[ 2 ] 1638403
		mem[ 3 ] 589825
		mem[ 4 ] 17629185
		mem[ 5 ] 16842748
		mem[ 6 ] 12779529
		mem[ 7 ] 25165824
		mem[ 8 ] 1
		mem[ 9 ] 0
	registers:
		reg[ 0 ] 0
		reg[ 1 ] 4
		reg[ 2 ] 0
		reg[ 3 ] 3
		reg[ 4 ] 0
		reg[ 5 ] 0
		reg[ 6 ] 0
		reg[ 7 ] 0
end state

@@@
state:
	pc 3
	memory:
		mem[ 0 ] 8454152
		mem[ 1 ] 3
		mem[ 2 ] 1638403
		mem[ 3 ] 589825
		mem[ 4 ] 17629185
		mem[ 5 ] 16842748
		mem[ 6 ] 12779529
		mem[ 7 ] 25165824
		mem[ 8 ] 1
		mem[ 9 ] 0
	registers:
		reg[ 0 ] 0
		reg[ 1 ] 4
		reg[ 2 ] 0
		reg[ 3 ] 7
		reg[ 4 ] 0
		reg[ 5 ] 0
		reg[ 6 ] 0
		reg[ 7 ] 0
end state

@@@
state:
	pc 4
	memory:
		mem[ 0 ] 8454152
		mem[ 1 ] 3
		mem[ 2 ] 1638403
		mem[ 3 ] 589825
		mem[ 4 ] 17629185
		mem[ 5 ] 16842748
		mem[ 6 ] 12779529
		mem[ 7 ] 25165824
		mem[ 8 ] 1
		mem[ 9 ] 0
	registers:
		reg[ 0 ] 0
		reg[ 1 ] 8
		reg[ 2 ] 0
		reg[ 3 ] 7
		reg[ 4 ] 0
		reg[ 5 ] 0
		reg[ 6 ] 0
		reg[ 7 ] 0
end state

@@@
state:
	pc 5
	memory:
		mem[ 0 ] 8454152
		mem[ 1 ] 3
		mem[ 2 ] 1638403
		mem[ 3 ] 589825
		mem[ 4 ] 17629185
		mem[ 5 ] 16842748
		mem[ 6 ] 12779529
		mem[ 7 ] 25165824
		mem[ 8 ] 1
		mem[ 9 ] 0
	registers:
		reg[ 0 ] 0
		reg[ 1 ] 8
		reg[ 2 ] 0
		reg[ 3 ] 7
		reg[ 4 ] 0
		reg[ 5 ] 0
		reg[ 6 ] 0
		reg[ 7 ] 0
end state

@@@
state:
	pc 2
	memory:
		mem[ 0 ] 8454152
		mem[ 1 ] 3
		mem[ 2 ] 1638403
		mem[ 3 ] 589825
		mem[ 4 ] 17629185
		mem[ 5 ] 16842748
		mem[ 6 ] 12779529
		mem[ 7 ] 25165824
		mem[ 8 ] 1
		mem[ 9 ] 0
	registers:
		reg[ 0 ] 0
		reg[ 1 ] 8
		reg[ 2 ] 0
		reg[ 3 ] 7
		reg[ 4 ] 0
		reg[ 5 ] 0
		reg[ 6 ] 0
		reg[ 7 ] 0
end state

@@@
state:
	pc 3
	memory:
		mem[ 0 ] 8454152
		mem[ 1 ] 3
		mem[ 2 ] 1638403
		mem[ 3 ] 589825
		mem[ 4 ] 17629185
		mem[ 5 ] 16842748
		mem[ 6 ] 12779529
		mem[ 7 ] 25165824
		mem[ 8 ] 1
		mem[ 9 ] 0
	registers:
		reg[ 0 ] 0
		reg[ 1 ] 8
		reg[ 2 ] 0
		reg[ 3 ] 15
		reg[ 4 ] 0
		reg[ 5 ] 0
		reg[ 6 ] 0
		reg[ 7 ] 0
end state

@@@
state:
	pc 4
	memory:
		mem[ 0 ] 8454152
		mem[ 1 ] 3
		mem[ 2 ] 1638403
		mem[ 3 ] 589825
		mem[ 4 ] 17629185
		mem[ 5 ] 16842748
		mem[ 6 ] 12779529
		mem[ 7 ] 25165824
		mem[ 8 ] 1
		mem[ 9 ] 0
	registers:
		reg[ 0 ] 0
		reg[ 1 ] 16
		reg[ 2 ] 0
		reg[ 3 ] 15
		reg[ 4 ] 0
		reg[ 5 ] 0
		reg[ 6 ] 0
		reg[ 7 ] 0
end state

@@@
state:
	pc 5
	memory:
		mem[ 0 ] 8454152
		mem[ 1 ] 3
		mem[ 2 ] 1638403
		mem[ 3 ] 589825
		mem[ 4 ] 17629185
		mem[ 5 ] 16842748
		mem[ 6 ] 12779529
		mem[ 7 ] 25165824
		mem[ 8 ] 1
		mem[ 9 ] 0
	registers:
		reg[ 0 ] 0
		reg[ 1 ] 16
		reg[ 2 ] 0
		reg[ 3 ] 15
		reg[ 4 ] 0
		reg[ 5 ] 0
		reg[ 6 ] 0
		reg[ 7 ] 0
end state

@@@
state:
	pc 2
	memory:
		mem[ 0 ] 8454152
		mem[ 1 ] 3
		mem[ 2 ] 1638403
		mem[ 3 ] 589825
		mem[ 4 ] 17629185
		mem[ 5 ] 16842748
		mem[ 6 ] 12779529
		mem[ 7 ] 25165824
		mem[ 8 ] 1
		mem[ 9 ] 0
	registers:
		reg[ 0 ] 0
		reg[ 1 ] 16
		reg[ 2 ] 0
		reg[ 3 ] 15
		reg[ 4 ] 0
		reg[ 5 ] 0
		reg[ 6 ] 0
		reg[ 7 ] 0
end state

@@@
state:
	pc 3
	memory:
		mem[ 0 ] 8454152
		mem[ 1 ] 3
		mem[ 2 ] 1638403
		mem[ 3 ] 589825
		mem[ 4 ] 17629185
		mem[ 5 ] 16842748
		mem[ 6 ] 12779529
		mem[ 7 ] 25165824
		mem[ 8 ] 1
		mem[ 9 ] 0
	registers:
		reg[ 0 ] 0
		reg[ 1 ] 16
		reg[ 2 ] 0
		reg[ 3 ] 31
		reg[ 4 ] 0
		reg[ 5 ] 0
		reg[ 6 ] 0
		reg[ 7 ] 0
end state

@@@
state:
	pc 4
	memory:
		mem[ 0 ] 8454152
		mem[ 1 ] 3
		mem[ 2 ] 1638403
		mem[ 3 ] 589825
		mem[ 4 ] 17629185
		mem[ 5 ] 16842748
		mem[ 6 ] 12779529
		mem[ 7 ] 25165824
		mem[ 8 ] 1
		mem[ 9 ] 0
	registers:
		reg[ 0 ] 0
		reg[ 1 ] 32
		reg[ 2 ] 0
		reg[ 3 ] 31
		reg[ 4 ] 0
		reg[ 5 ] 0
		reg[ 6 ] 0
		reg[ 7 ] 0
end state

@@@
state:
	pc 5
	memory:
		mem[ 0 ] 8454152
		mem[ 1 ] 3
		mem[ 2 ] 1638403
		mem[ 3 ] 589825
		mem[ 4 ] 17629185
		mem[ 5 ] 16842748
		mem[ 6 ] 12779529
		mem[ 7 ] 25165824
		mem[ 8 ] 1
		mem[ 9 ] 0
	registers:
		reg[ 0 ] 0
		reg[ 1 ] 32
		reg[ 2 ] 0
		reg[ 3 ] 31
		reg[ 4 ] 0
		reg[ 5 ] 0
		reg[ 6 ] 0
		reg[ 7 ] 0
end state

@@@
state:
	pc 2
	memory:
		mem[ 0 ] 8454152
		mem[ 1 ] 3
		mem[ 2 ] 1638403
		mem[ 3 ] 589825
		mem[ 4 ] 17629185
		mem[ 5 ] 16842748
		mem[ 6 ] 12779529
		mem[ 7 ] 25165824
		mem[ 8 ] 1
		mem[ 9 ] 0
	registers:
		reg[ 0 ] 0
		reg[ 1 ] 32
		reg[ 2 ] 0
		reg[ 3 ] 31
		reg[ 4 ] 0
		reg[ 5 ] 0
		reg[ 6 ] 0
		reg[ 7 ] 0
end state

@@@
state:
	pc 3
	memory:
		mem[ 0 ] 8454152
		mem[ 1 ] 3
		mem[ 2 ] 1638403
		mem[ 3 ] 589825
		mem[ 4 ] 17629185
		mem[ 5 ] 16842748
		mem[ 6 ] 12779529
		mem[ 7 ] 25165824
		mem[ 8 ] 1
		mem[ 9 ] 0
	registers:
		reg[ 0 ] 0
		reg[ 1 ] 32
		reg[ 2 ] 0
		reg[ 3 ] 63
		reg[ 4 ] 0
		reg[ 5 ] 0
		reg[ 6 ] 0
		reg[ 7 ] 0
end state

@@@
state:
	pc 4
	memory:
		mem[ 0 ] 8454152
		mem[ 1 ] 3
		mem[ 2 ] 1638403
		mem[ 3 ] 589825
		mem[ 4 ] 17629185
		mem[ 5 ] 16842748
		mem[ 6 ] 12779529
		mem[ 7 ] 25165824
		mem[ 8 ] 1
		mem[ 9 ] 0
	registers:
		reg[ 0 ] 0
		reg[ 1 ] 64
		reg[ 2 ] 0
		reg[ 3 ] 63
		reg[ 4 ] 0
		reg[ 5 ] 0
		reg[ 6 ] 0
		reg[ 7 ] 0
end state

@@@
state:
	pc 5
	memory:
		mem[ 0 ] 8454152
		mem[ 1 ] 3
		mem[ 2 ] 1638403
		mem[ 3 ] 589825
		mem[ 4 ] 17629185
		mem[ 5 ] 16842748
		mem[ 6 ] 12779529
		mem[ 7 ] 25165824
		mem[ 8 ] 1
		mem[ 9 ] 0
	registers:
		reg[ 0 ] 0
		reg[ 1 ] 64
		reg[ 2 ] 0
		reg[ 3 ] 63
		reg[ 4 ] 0
		reg[ 5 ] 0
		reg[ 6 ] 0
		reg[ 7 ] 0
end state

@@@
state:
	pc 2
	memory:
		mem[ 0 ] 8454152
		mem[ 1 ] 3
		mem[ 2 ] 1638403
		mem[ 3 ] 589825
		mem[ 4 ] 17629185
		mem[ 5 ] 16842748
		mem[ 6 ] 12779529
		mem[ 7 ] 25165824
		mem[ 8 ] 1
		mem[ 9 ] 0
	registers:
		reg[ 0 ] 0
		reg[ 1 ] 64
		reg[ 2 ] 0
		reg[ 3 ] 63
		reg[ 4 ] 0
		reg[ 5 ] 0
		reg[ 6 ] 0
		reg[ 7 ] 0
end state

@@@
state:
	pc 3
	memory:
		mem[ 0 ] 8454152
		mem[ 1 ] 3
		mem[ 2 ] 1638403
		mem[ 3 ] 589825
		mem[ 4 ] 17629185
		mem[ 5 ] 16842748
		mem[ 6 ] 12779529
		mem[ 7 ] 25165824
		mem[ 8 ] 1
		mem[ 9 ] 0
	registers:
		reg[ 0 ] 0
		reg[ 1 ] 64
		reg[ 2 ] 0
		reg[ 3 ] 127
		reg[ 4 ] 0
		reg[ 5 ] 0
		reg[ 6 ] 0
		reg[ 7 ] 0
end state

@@@
state:
	pc 4
	memory:
		mem[ 0 ] 8454152
		mem[ 1 ] 3
		mem[ 2 ] 1638403
		mem[ 3 ] 589825
		mem[ 4 ] 17629185
		mem[ 5 ] 16842748
		mem[ 6 ] 12779529
		mem[ 7 ] 25165824
		mem[ 8 ] 1
		mem[ 9 ] 0
	registers:
		reg[ 0 ] 0
		reg[ 1 ] 128
		reg[ 2 ] 0
		reg[ 3 ] 127
		reg[ 4 ] 0
		reg[ 5 ] 0
		reg[ 6 ] 0
		reg[ 7 ] 0
end state

@@@
state:
	pc 5
	memory:
		mem[ 0 ] 8454152
		mem[ 1 ] 3
		mem[ 2 ] 1638403
		mem[ 3 ] 589825
		mem[ 4 ] 17629185
		mem[ 5 ] 16842748
		mem[ 6 ] 12779529
		mem[ 7 ] 25165824
		mem[ 8 ] 1
		mem[ 9 ] 0
	registers:
		reg[ 0 ] 0
		reg[ 1 ] 128
		reg[ 2 ] 0
		reg[ 3 ] 127
		reg[ 4 ] 0
		reg[ 5 ] 0
		reg[ 6 ] 0
		reg[ 7 ] 0
end state

@@@
state:
	pc 2
	memory:
		mem[ 0 ] 8454152
		mem[ 1 ] 3
		mem[ 2 ] 1638403
		mem[ 3 ] 589825
		mem[ 4 ] 17629185
		mem[ 5 ] 16842748
		mem[ 6 ] 12779529
		mem[ 7 ] 25165824
		mem[ 8 ] 1
		mem[ 9 ] 0
	registers:
		reg[ 0 ] 0
		reg[ 1 ] 128
		reg[ 2 ] 0
		reg[ 3 ] 127
		reg[ 4 ] 0
		reg[ 5 ] 0
		reg[ 6 ] 0
		reg[ 7 ] 0
end state

@@@
state:
	pc 3
	memory:
		mem[ 0 ] 8454152
		mem[ 1 ] 3
		mem[ 2 ] 1638403
		mem[ 3 ] 589825
		mem[ 4 ] 17629185
		mem[ 5 ] 16842748
		mem[ 6 ] 12779529
		mem[ 7 ] 25165824
		mem[ 8 ] 1
		mem[ 9 ] 0
	registers:
		reg[ 0 ] 0
		reg[ 1 ] 128
		reg[ 2 ] 0
		reg[ 3 ] 255
		reg[ 4 ] 0
		reg[ 5 ] 0
		reg[ 6 ] 0
		reg[ 7 ] 0
end state

@@@
state:
	pc 4
	memory:
		mem[ 0 ] 8454152
		mem[ 1 ] 3
		mem[ 2 ] 1638403
		mem[ 3 ] 589825
		mem[ 4 ] 17629185
		mem[ 5 ] 16842748
		mem[ 6 ] 12779529
		mem[ 7 ] 25165824
		mem[ 8 ] 1
		mem[ 9 ] 0
	registers:
		reg[ 0 ] 0
		reg[ 1 ] 256
		reg[ 2 ] 0
		reg[ 3 ] 255
		reg[ 4 ] 0
		reg[ 5 ] 0
		reg[ 6 ] 0
		reg[ 7 ] 0
end state

@@@
state:
	pc 5
	memory:
		mem[ 0 ] 8454152
		mem[ 1 ] 3
		mem[ 2 ] 1638403
		mem[ 3 ] 589825
		mem[ 4 ] 17629185
		mem[ 5 ] 16842748
		mem[ 6 ] 12779529
		mem[ 7 ] 25165824
		mem[ 8 ] 1
		mem[ 9 ] 0
	registers:
		reg[ 0 ] 0
		reg[ 1 ] 256
		reg[ 2 ] 0
		reg[ 3 ] 255
		reg[ 4 ] 0
		reg[ 5 ] 0
		reg[ 6 ] 0
		reg[ 7 ] 0
end state

@@@
state:
	pc 2
	memory:
		mem[ 0 ] 8454152
		mem[ 1 ] 3
		mem[ 2 ] 1638403
		mem[ 3 ] 589825
		mem[ 4 ] 17629185
		mem[ 5 ] 16842748
		mem[ 6 ] 12779529
		mem[ 7 ] 25165824
		mem[ 8 ] 1
		mem[ 9 ] 0
	registers:
		reg[ 0 ] 0
		reg[ 1 ] 256
		reg[ 2 ] 0
		reg[ 3 ] 255
		reg[ 4 ] 0
		reg[ 5 ] 0
		reg[ 6 ] 0
		reg[ 7 ] 0
end state

@@@
state:
	pc 3
	memory:
		mem[ 0 ] 8454152
		mem[ 1 ] 3
		mem[ 2 ] 1638403
		mem[ 3 ] 589825
		mem[ 4 ] 17629185
		mem[ 5 ] 16842748
		mem[ 6 ] 12779529
		mem[ 7 ] 25165824
		mem[ 8 ] 1
		mem[ 9 ] 0
	registers:
		reg[ 0 ] 0
		reg[ 1 ] 256
		reg[ 2 ] 0
		reg[ 3 ] 511
		reg[ 4 ] 0
		reg[ 5 ] 0
		reg[ 6 ] 0
		reg[ 7 ] 0
end state

@@@
state:
	pc 4
	memory:
		mem[ 0 ] 8454152
		mem[ 1 ] 3
		mem[ 2 ] 1638403
		mem[ 3 ] 589825
		mem[ 4 ] 17629185
		mem[ 5 ] 16842748
		mem[ 6 ] 12779529
		mem[ 7 ] 25165824
		mem[ 8 ] 1
		mem[ 9 ] 0
	registers:
		reg[ 0 ] 0
		reg[ 1 ] 512
		reg[ 2 ] 0
		reg[ 3 ] 511
		reg[ 4 ] 0
		reg[ 5 ] 0
		reg[ 6 ] 0
		reg[ 7 ] 0
end state

@@@
state:
	pc 5
	memory:
		mem[ 0 ] 8454152
		mem[ 1 ] 3
		mem[ 2 ] 1638403
		mem[ 3 ] 589825
		mem[ 4 ] 17629185
		mem[ 5 ] 16842748
		mem[ 6 ] 12779529
		mem[ 7 ] 25165824
		mem[ 8 ] 1
		mem[ 9 ] 0
	registers:
		reg[ 0 ] 0
		reg[ 1 ] 512
		reg[ 2 ] 0
		reg[ 3 ] 511
		reg[ 4 ] 0
		reg[ 5 ] 0
		reg[ 6 ] 0
		reg[ 7 ] 0
end state

@@@
state:
	pc 2
	memory:
		mem[ 0 ] 8454152
		mem[ 1 ] 3
		mem[ 2 ] 1638403
		mem[ 3 ] 589825
		mem[ 4 ] 17629185
		mem[ 5 ] 16842748
		mem[ 6 ] 12779529
		mem[ 7 ] 25165824
		mem[ 8 ] 1
		mem[ 9 ] 0
	registers:
		reg[ 0 ] 0
		reg[ 1 ] 512
		reg[ 2 ] 0
		reg[ 3 ] 511
		reg[ 4 ] 0
		reg[ 5 ] 0
		reg[ 6 ] 0
		reg[ 7 ] 0
end state

@@@
state:
	pc 3
	memory:
		mem[ 0 ] 8454152
		mem[ 1 ] 3
		mem[ 2 ] 1638403
		mem[ 3 ] 589825
		mem[ 4 ] 17629185
		mem[ 5 ] 16842748
		mem[ 6 ] 12779529
		mem[ 7 ] 25165824
		mem[ 8 ] 1
		mem[ 9 ] 0
	registers:
		reg[ 0 ] 0
		reg[ 1 ] 512
		reg[ 2 ] 0
		reg[ 3 ] 1023
		reg[ 4 ] 0
		reg[ 5 ] 0
		reg[ 6 ] 0
		reg[ 7 ] 0
end state

@@@
state:
	pc 4
	memory:
		mem[ 0 ] 8454152
		mem[ 1 ] 3
		mem[ 2 ] 1638403
		mem[ 3 ] 589825
		mem[ 4 ] 17629185
		mem[ 5 ] 16842748
		mem[ 6 ] 12779529
		mem[ 7 ] 25165824
		mem[ 8 ] 1
		mem[ 9 ] 0
	registers:
		reg[ 0 ] 0
		reg[ 1 ] 1024
		reg[ 2 ] 0
		reg[ 3 ] 1023
		reg[ 4 ] 0
		reg[ 5 ] 0
		reg[ 6 ] 0
		reg[ 7 ] 0
end state

@@@
state:
	pc 5
	memory:
		mem[ 0 ] 8454152
		mem[ 1 ] 3
		mem[ 2 ] 1638403
		mem[ 3 ] 589825
		mem[ 4 ] 17629185
		mem[ 5 ] 16842748
		mem[ 6 ] 12779529
		mem[ 7 ] 25165824
		mem[ 8 ] 1
		mem[ 9 ] 0
	registers:
		reg[ 0 ] 0
		reg[ 1 ] 1024
		reg[ 2 ] 0
		reg[ 3 ] 1023
		reg[ 4 ] 0
		reg[ 5 ] 0
		reg[ 6 ] 0
		reg[ 7 ] 0
end state

@@@
state:
	pc 2
	memory:
		mem[ 0 ] 8454152
		mem[ 1 ] 3
		mem[ 2 ] 1638403
		mem[ 3 ] 589825
		mem[ 4 ] 17629185
		mem[ 5 ] 16842748
		mem[ 6 ] 12779529
		mem[ 7 ] 25165824
		mem[ 8 ] 1
		mem[ 9 ] 0
	registers:
		reg[ 0 ] 0
		reg[ 1 ] 1024
		reg[ 2 ] 0
		reg[ 3 ] 1023
		reg[ 4 ] 0
		reg[ 5 ] 0
		reg[ 6 ] 0
		reg[ 7 ] 0
end state

@@@
state:
	pc 3
	memory:
		mem[ 0 ] 8454152
		mem[ 1 ] 3
		mem[ 2 ] 1638403
		mem[ 3 ] 589825
		mem[ 4 ] 17629185
		mem[ 5 ] 16842748
		mem[ 6 ] 12779529
		mem[ 7 ] 25165824
		mem[ 8 ] 1
		mem[ 9 ] 0
	registers:
		reg[ 0 ] 0
		reg[ 1 ] 1024
		reg[ 2 ] 0
		reg[ 3 ] 2047
		reg[ 4 ] 0
		reg[ 5 ] 0
		reg[ 6 ] 0
		reg[ 7 ] 0
end state

@@@
state:
	pc 4
	memory:
		mem[ 0 ] 8454152
		mem[ 1 ] 3
		mem[ 2 ] 1638403
		mem[ 3 ] 589825
		mem[ 4 ] 17629185
		mem[ 5 ] 16842748
		mem[ 6 ] 12779529
		mem[ 7 ] 25165824
		mem[ 8 ] 1
		mem[ 9 ] 0
	registers:
		reg[ 0 ] 0
		reg[ 1 ] 2048
		reg[ 2 ] 0
		reg[ 3 ] 2047
		reg[ 4 ] 0
		reg[ 5 ] 0
		reg[ 6 ] 0
		reg[ 7 ] 0
end state

@@@
state:
	pc 5
	memory:
		mem[ 0 ] 8454152
		mem[ 1 ] 3
		mem[ 2 ] 1638403
		mem[ 3 ] 589825
		mem[ 4 ] 17629185
		mem[ 5 ] 16842748
		mem[ 6 ] 12779529
		mem[ 7 ] 25165824
		mem[ 8 ] 1
		mem[ 9 ] 0
	registers:
		reg[ 0 ] 0
		reg[ 1 ] 2048
		reg[ 2 ] 0
		reg[ 3 ] 2047
		reg[ 4 ] 0
		reg[ 5 ] 0
		reg[ 6 ] 0
		reg[ 7 ] 0
end state

@@@
state:
	pc 2
	memory:
		mem[ 0 ] 8454152
		mem[ 1 ] 3
		mem[ 2 ] 1638403
		mem[ 3 ] 589825
		mem[ 4 ] 17629185
		mem[ 5 ] 16842748
		mem[ 6 ] 12779529
		mem[ 7 ] 25165824
		mem[ 8 ] 1
		mem[ 9 ] 0
	registers:
		reg[ 0 ] 0
		reg[ 1 ] 2048
		reg[ 2 ] 0
		reg[ 3 ] 2047
		reg[ 4 ] 0
		reg[ 5 ] 0
		reg[ 6 ] 0
		reg[ 7 ] 0
end state

@@@
state:
	pc 3
	memory:
		mem[ 0 ] 8454152
		mem[ 1 ] 3
		mem[ 2 ] 1638403
		mem[ 3 ] 589825
		mem[ 4 ] 17629185
		mem[ 5 ] 16842748
		mem[ 6 ] 12779529
		mem[ 7 ] 25165824
		mem[ 8 ] 1
		mem[ 9 ] 0
	registers:
		reg[ 0 ] 0
		reg[ 1 ] 2048
		reg[ 2 ] 0
		reg[ 3 ] 4095
		reg[ 4 ] 0
		reg[ 5 ] 0
		reg[ 6 ] 0
		reg[ 7 ] 0
end state

@@@
state:
	pc 4
	memory:
		mem[ 0 ] 8454152
		mem[ 1 ] 3
		mem[ 2 ] 1638403
		mem[ 3 ] 589825
		mem[ 4 ] 17629185
		mem[ 5 ] 16842748
		mem[ 6 ] 12779529
		mem[ 7 ] 25165824
		mem[ 8 ] 1
		mem[ 9 ] 0
	registers:
		reg[ 0 ] 0
		reg[ 1 ] 4096
		reg[ 2 ] 0
		reg[ 3 ] 4095
		reg[ 4 ] 0
		reg[ 5 ] 0
		reg[ 6 ] 0
		reg[ 7 ] 0
end state

@@@
state:
	pc 5
	memory:
		mem[ 0 ] 8454152
		mem[ 1 ] 3
		mem[ 2 ] 1638403
		mem[ 3 ] 589825
		mem[ 4 ] 17629185
		mem[ 5 ] 16842748
		mem[ 6 ] 12779529
		mem[ 7 ] 25165824
		mem[ 8 ] 1
		mem[ 9 ] 0
	registers:
		reg[ 0 ] 0
		reg[ 1 ] 4096
		reg[ 2 ] 0
		reg[ 3 ] 4095
		reg[ 4 ] 0
		reg[ 5 ] 0
		reg[ 6 ] 0
		reg[ 7 ] 0
end state

@@@
state:
	pc 2
	memory:
		mem[ 0 ] 8454152
		mem[ 1 ] 3
		mem[ 2 ] 1638403
		mem[ 3 ] 589825
		mem[ 4 ] 17629185
		mem[ 5 ] 16842748
		mem[ 6 ] 12779529
		mem[ 7 ] 25165824
		mem[ 8 ] 1
		mem[ 9 ] 0
	registers:
		reg[ 0 ] 0
		reg[ 1 ] 4096
		reg[ 2 ] 0
		reg[ 3 ] 4095
		reg[ 4 ] 0
		reg[ 5 ] 0
		reg[ 6 ] 0
		reg[ 7 ] 0
end state

@@@
state:
	pc 3
	memory:
		mem[ 0 ] 8454152
		mem[ 1 ] 3
		mem[ 2 ] 1638403
		mem[ 3 ] 589825
		mem[ 4 ] 17629185
		mem[ 5 ] 16842748
		mem[ 6 ] 12779529
		mem[ 7 ] 25165824
		mem[ 8 ] 1
		mem[ 9 ] 0
	registers:
		reg[ 0 ] 0
		reg[ 1 ] 4096
		reg[ 2 ] 0
		reg[ 3 ] 8191
		reg[ 4 ] 0
		reg[ 5 ] 0
		reg[ 6 ] 0
		reg[ 7 ] 0
end state

@@@
state:
	pc 4
	memory:
		mem[ 0 ] 8454152
		mem[ 1 ] 3
		mem[ 2 ] 1638403
		mem[ 3 ] 589825
		mem[ 4 ] 17629185
		mem[ 5 ] 16842748
		mem[ 6 ] 12779529
		mem[ 7 ] 25165824
		mem[ 8 ] 1
		mem[ 9 ] 0
	registers:
		reg[ 0 ] 0
		reg[ 1 ] 8192
		reg[ 2 ] 0
		reg[ 3 ] 8191
		reg[ 4 ] 0
		reg[ 5 ] 0
		reg[ 6 ] 0
		reg[ 7 ] 0
end state

@@@
state:
	pc 5
	memory:
		mem[ 0 ] 8454152
		mem[ 1 ] 3
		mem[ 2 ] 1638403
		mem[ 3 ] 589825
		mem[ 4 ] 17629185
		mem[ 5 ] 16842748
		mem[ 6 ] 12779529
		mem[ 7 ] 25165824
		mem[ 8 ] 1
		mem[ 9 ] 0
	registers:
		reg[ 0 ] 0
		reg[ 1 ] 8192
		reg[ 2 ] 0
		reg[ 3 ] 8191
		reg[ 4 ] 0
		reg[ 5 ] 0
		reg[ 6 ] 0
		reg[ 7 ] 0
end state

@@@
state:
	pc 2
	memory:
		mem[ 0 ] 8454152
		mem[ 1 ] 3
		mem[ 2 ] 1638403
		mem[ 3 ] 589825
		mem[ 4 ] 17629185
		mem[ 5 ] 16842748
		mem[ 6 ] 12779529
		mem[ 7 ] 25165824
		mem[ 8 ] 1
		mem[ 9 ] 0
	registers:
		reg[ 0 ] 0
		reg[ 1 ] 8192
		reg[ 2 ] 0
		reg[ 3 ] 8191
		reg[ 4 ] 0
		reg[ 5 ] 0
		reg[ 6 ] 0
		reg[ 7 ] 0
end state

@@@
state:
	pc 3
	memory:
		mem[ 0 ] 8454152
		mem[ 1 ] 3
		mem[ 2 ] 1638403
		mem[ 3 ] 589825
		mem[ 4 ] 17629185
		mem[ 5 ] 16842748
		mem[ 6 ] 12779529
		mem[ 7 ] 25165824
		mem[ 8 ] 1
		mem[ 9 ] 0
	registers:
		reg[ 0 ] 0
		reg[ 1 ] 8192
		reg[ 2 ] 0
		reg[ 3 ] 16383
		reg[ 4 ] 0
		reg[ 5 ] 0
		reg[ 6 ] 0
		reg[ 7 ] 0
end state

@@@
state:
	pc 4
	memory:
		mem[ 0 ] 8454152
		mem[ 1 ] 3
		mem[ 2 ] 1638403
		mem[ 3 ] 589825
		mem[ 4 ] 17629185
		mem[ 5 ] 16842748
		mem[ 6 ] 12779529
		mem[ 7 ] 25165824
		mem[ 8 ] 1
		mem[ 9 ] 0
	registers:
		reg[ 0 ] 0
		reg[ 1 ] 16384
		reg[ 2 ] 0
		reg[ 3 ] 16383
		reg[ 4 ] 0
		reg[ 5 ] 0
		reg[ 6 ] 0
		reg[ 7 ] 0
end state

@@@
state:
	pc 5
	memory:
		mem[ 0 ] 8454152
		mem[ 1 ] 3
		mem[ 2 ] 1638403
		mem[ 3 ] 589825
		mem[ 4 ] 17629185
		mem[ 5 ] 16842748
		mem[ 6 ] 12779529
		mem[ 7 ] 25165824
		mem[ 8 ] 1
		mem[ 9 ] 0
	registers:
		reg[ 0 ] 0
		reg[ 1 ] 16384
		reg[ 2 ] 0
		reg[ 3 ] 16383
		reg[ 4 ] 0
		reg[ 5 ] 0
		reg[ 6 ] 0
		reg[ 7 ] 0
end state

@@@
state:
	pc 2
	memory:
		mem[ 0 ] 8454152
		mem[ 1 ] 3
		mem[ 2 ] 1638403
		mem[ 3 ] 589825
		mem[ 4 ] 17629185
		mem[ 5 ] 16842748
		mem[ 6 ] 12779529
		mem[ 7 ] 25165824
		mem[ 8 ] 1
		mem[ 9 ] 0
	registers:
		reg[ 0 ] 0
		reg[ 1 ] 16384
		reg[ 2 ] 0
		reg[ 3 ] 16383
		reg[ 4 ] 0
		reg[ 5 ] 0
		reg[ 6 ] 0
		reg[ 7 ] 0
end state

@@@
state:
	pc 3
	memory:
		mem[ 0 ] 8454152
		mem[ 1 ] 3
		mem[ 2 ] 1638403
		mem[ 3 ] 589825
		mem[ 4 ] 17629185
		mem[ 5 ] 16842748
		mem[ 6 ] 12779529
		mem[ 7 ] 25165824
		mem[ 8 ] 1
		mem[ 9 ] 0
	registers:
		reg[ 0 ] 0
		reg[ 1 ] 16384
		reg[ 2 ] 0
		reg[ 3 ] 32767
		reg[ 4 ] 0
		reg[ 5 ] 0
		reg[ 6 ] 0
		reg[ 7 ] 0
end state

@@@
state:
	pc 4
	memory:
		mem[ 0 ] 8454152
		mem[ 1 ] 3
		mem[ 2 ] 1638403
		mem[ 3 ] 589825
		mem[ 4 ] 17629185
		mem[ 5 ] 16842748
		mem[ 6 ] 12779529
		mem[ 7 ] 25165824
		mem[ 8 ] 1
		mem[ 9 ] 0
	registers:
		reg[ 0 ] 0
		reg[ 1 ] 32768
		reg[ 2 ] 0
		reg[ 3 ] 32767
		reg[ 4 ] 0
		reg[ 5 ] 0
		reg[ 6 ] 0
		reg[ 7 ] 0
end state

@@@
state:
	pc 5
	memory:
		mem[ 0 ] 8454152
		mem[ 1 ] 3
		mem[ 2 ] 1638403
		mem[ 3 ] 589825
		mem[ 4 ] 17629185
		mem[ 5 ] 16842748
		mem[ 6 ] 12779529
		mem[ 7 ] 25165824
		mem[ 8 ] 1
		mem[ 9 ] 0
	registers:
		reg[ 0 ] 0
		reg[ 1 ] 32768
		reg[ 2 ] 0
		reg[ 3 ] 32767
		reg[ 4 ] 0
		reg[ 5 ] 0
		reg[ 6 ] 0
		reg[ 7 ] 0
end state

@@@
state:
	pc 2
	memory:
		mem[ 0 ] 8454152
		mem[ 1 ] 3
		mem[ 2 ] 1638403
		mem[ 3 ] 589825
		mem[ 4 ] 17629185
		mem[ 5 ] 16842748
		mem[ 6 ] 12779529
		mem[ 7 ] 25165824
		mem[ 8 ] 1
		mem[ 9 ] 0
	registers:
		reg[ 0 ] 0
		reg[ 1 ] 32768
		reg[ 2 ] 0
		reg[ 3 ] 32767
		reg[ 4 ] 0
		reg[ 5 ] 0
		reg[ 6 ] 0
		reg[ 7 ] 0
end state

@@@
state:
	pc 3
	memory:
		mem[ 0 ] 8454152
		mem[ 1 ] 3
		mem[ 2 ] 1638403
		mem[ 3 ] 589825
		mem[ 4 ] 17629185
		mem[ 5 ] 16842748
		mem[ 6 ] 12779529
		mem[ 7 ] 25165824
		mem[ 8 ] 1
		mem[ 9 ] 0
	registers:
		reg[ 0 ] 0
		reg[ 1 ] 32768
		reg[ 2 ] 0
		reg[ 3 ] 65535
		reg[ 4 ] 0
		reg[ 5 ] 0
		reg[ 6 ] 0
		reg[ 7 ] 0
end state

@@@
state:
	pc 4
	memory:
		mem[ 0 ] 8454152
		mem[ 1 ] 3
		mem[ 2 ] 1638403
		mem[ 3 ] 589825
		mem[ 4 ] 17629185
		mem[ 5 ] 16842748
		mem[ 6 ] 12779529
		mem[ 7 ] 25165824
		mem[ 8 ] 1
		mem[ 9 ] 0
	registers:
		reg[ 0 ] 0
		reg[ 1 ] 65536
		reg[ 2 ] 0
		reg[ 3 ] 65535
		reg[ 4 ] 0
		reg[ 5 ] 0
		reg[ 6 ] 0
		reg[ 7 ] 0
end state

@@@
state:
	pc 5
	memory:
		mem[ 0 ] 8454152
		mem[ 1 ] 3
		mem[ 2 ] 1638403
		mem[ 3 ] 589825
		mem[ 4 ] 17629185
		mem[ 5 ] 16842748
		mem[ 6 ] 12779529
		mem[ 7 ] 25165824
		mem[ 8 ] 1
		mem[ 9 ] 0
	registers:
		reg[ 0 ] 0
		reg[ 1 ] 65536
		reg[ 2 ] 0
		reg[ 3 ] 65535
		reg[ 4 ] 0
		reg[ 5 ] 0
		reg[ 6 ] 0
		reg[ 7 ] 0
end state

@@@
state:
	pc 2
	memory:
		mem[ 0 ] 8454152
		mem[ 1 ] 3
		mem[ 2 ] 1638403
		mem[ 3 ] 589825
		mem[ 4 ] 17629185
		mem[ 5 ] 16842748
		mem[ 6 ] 12779529
		mem[ 7 ] 25165824
		mem[ 8 ] 1
		mem[ 9 ] 0
	registers:
		reg[ 0 ] 0
		reg[ 1 ] 65536
		reg[ 2 ] 0
		reg[ 3 ] 65535
		reg[ 4 ] 0
		reg[ 5 ] 0
		reg[ 6 ] 0
		reg[ 7 ] 0
end state

@@@
state:
	pc 3
	memory:
		mem[ 0 ] 8454152
		mem[ 1 ] 3
		mem[ 2 ] 1638403
		mem[ 3 ] 589825
		mem[ 4 ] 17629185
		mem[ 5 ] 16842748
		mem[ 6 ] 12779529
		mem[ 7 ] 25165824
		mem[ 8 ] 1
		mem[ 9 ] 0
	registers:
		reg[ 0 ] 0
		reg[ 1 ] 65536
		reg[ 2 ] 0
		reg[ 3 ] 131071
		reg[ 4 ] 0
		reg[ 5 ] 0
		reg[ 6 ] 0
		reg[ 7 ] 0
end state

@@@
state:
	pc 4
	memory:
		mem[ 0 ] 8454152
		mem[ 1 ] 3
		mem[ 2 ] 1638403
		mem[ 3 ] 589825
		mem[ 4 ] 17629185
		mem[ 5 ] 16842748
		mem[ 6 ] 12779529
		mem[ 7 ] 25165824
		mem[ 8 ] 1
		mem[ 9 ] 0
	registers:
		reg[ 0 ] 0
		reg[ 1 ] 131072
		reg[ 2 ] 0
		reg[ 3 ] 131071
		reg[ 4 ] 0
		reg[ 5 ] 0
		reg[ 6 ] 0
		reg[ 7 ] 0
end state

@@@
state:
	pc 5
	memory:
		mem[ 0 ] 8454152
		mem[ 1 ] 3
		mem[ 2 ] 1638403
		mem[ 3 ] 589825
		mem[ 4 ] 17629185
		mem[ 5 ] 16842748
		mem[ 6 ] 12779529
		mem[ 7 ] 25165824
		mem[ 8 ] 1
		mem[ 9 ] 0
	registers:
		reg[ 0 ] 0
		reg[ 1 ] 131072
		reg[ 2 ] 0
		reg[ 3 ] 131071
		reg[ 4 ] 0
		reg[ 5 ] 0
		reg[ 6 ] 0
		reg[ 7 ] 0
end state

@@@
state:
	pc 2
	memory:
		mem[ 0 ] 8454152
		mem[ 1 ] 3
		mem[ 2 ] 1638403
		mem[ 3 ] 589825
		mem[ 4 ] 17629185
		mem[ 5 ] 16842748
		mem[ 6 ] 12779529
		mem[ 7 ] 25165824
		mem[ 8 ] 1
		mem[ 9 ] 0
	registers:
		reg[ 0 ] 0
		reg[ 1 ] 131072
		reg[ 2 ] 0
		reg[ 3 ] 131071
		reg[ 4 ] 0
		reg[ 5 ] 0
		reg[ 6 ] 0
		reg[ 7 ] 0
end state

@@@
state:
	pc 3
	memory:
		mem[ 0 ] 8454152
		mem[ 1 ] 3
		mem[ 2 ] 1638403
		mem[ 3 ] 589825
		mem[ 4 ] 17629185
		mem[ 5 ] 16842748
		mem[ 6 ] 12779529
		mem[ 7 ] 25165824
		mem[ 8 ] 1
		mem[ 9 ] 0
	registers:
		reg[ 0 ] 0
		reg[ 1 ] 131072
		reg[ 2 ] 0
		reg[ 3 ] 262143
		reg[ 4 ] 0
		reg[ 5 ] 0
		reg[ 6 ] 0
		reg[ 7 ] 0
end state

@@@
state:
	pc 4
	memory:
		mem[ 0 ] 8454152
		mem[ 1 ] 3
		mem[ 2 ] 1638403
		mem[ 3 ] 589825
		mem[ 4 ] 17629185
		mem[ 5 ] 16842748
		mem[ 6 ] 12779529
		mem[ 7 ] 25165824
		mem[ 8 ] 1
		mem[ 9 ] 0
	registers:
		reg[ 0 ] 0
		reg[ 1 ] 262144
		reg[ 2 ] 0
		reg[ 3 ] 262143
		reg[ 4 ] 0
		reg[ 5 ] 0
		reg[ 6 ] 0
		reg[ 7 ] 0
end state

@@@
state:
	pc 5
	memory:
		mem[ 0 ] 8454152
		mem[ 1 ] 3
		mem[ 2 ] 1638403
		mem[ 3 ] 589825
		mem[ 4 ] 17629185
		mem[ 5 ] 16842748
		mem[ 6 ] 12779529
		mem[ 7 ] 25165824
		mem[ 8 ] 1
		mem[ 9 ] 0
	registers:
		reg[ 0 ] 0
		reg[ 1 ] 262144
		reg[ 2 ] 0
		reg[ 3 ] 262143
		reg[ 4 ] 0
		reg[ 5 ] 0
		reg[ 6 ] 0
		reg[ 7 ] 0
end state

@@@
state:
	pc 2
	memory:
		mem[ 0 ] 8454152
		mem[ 1 ] 3
		mem[ 2 ] 1638403
		mem[ 3 ] 589825
		mem[ 4 ] 17629185
		mem[ 5 ] 16842748
		mem[ 6 ] 12779529
		mem[ 7 ] 25165824
		mem[ 8 ] 1
		mem[ 9 ] 0
	registers:
		reg[ 0 ] 0
		reg[ 1 ] 262144
		reg[ 2 ] 0
		reg[ 3 ] 262143
		reg[ 4 ] 0
		reg[ 5 ] 0
		reg[ 6 ] 0
		reg[ 7 ] 0
end state

@@@
state:
	pc 3
	memory:
		mem[ 0 ] 8454152
		mem[ 1 ] 3
		mem[ 2 ] 1638403
		mem[ 3 ] 589825
		mem[ 4 ] 17629185
		mem[ 5 ] 16842748
		mem[ 6 ] 12779529
		mem[ 7 ] 25165824
		mem[ 8 ] 1
		mem[ 9 ] 0
	registers:
		reg[ 0 ] 0
		reg[ 1 ] 262144
		reg[ 2 ] 0
		reg[ 3 ] 524287
		reg[ 4 ] 0
		reg[ 5 ] 0
		reg[ 6 ] 0
		reg[ 7 ] 0
end state

@@@
state:
	pc 4
	memory:
		mem[ 0 ] 8454152
		mem[ 1 ] 3
		mem[ 2 ] 1638403
		mem[ 3 ] 589825
		mem[ 4 ] 17629185
		mem[ 5 ] 16842748
		mem[ 6 ] 12779529
		mem[ 7 ] 25165824
		mem[ 8 ] 1
		mem[ 9 ] 0
	registers:
		reg[ 0 ] 0
		reg[ 1 ] 524288
		reg[ 2 ] 0
		reg[ 3 ] 524287
		reg[ 4 ] 0
		reg[ 5 ] 0
		reg[ 6 ] 0
		reg[ 7 ] 0
end state

@@@
state:
	pc 5
	memory:
		mem[ 0 ] 8454152
		mem[ 1 ] 3
		mem[ 2 ] 1638403
		mem[ 3 ] 589825
		mem[ 4 ] 17629185
		mem[ 5 ] 16842748
		mem[ 6 ] 12779529
		mem[ 7 ] 25165824
		mem[ 8 ] 1
		mem[ 9 ] 0
	registers:
		reg[ 0 ] 0
		reg[ 1 ] 524288
		reg[ 2 ] 0
		reg[ 3 ] 524287
		reg[ 4 ] 0
		reg[ 5 ] 0
		reg[ 6 ] 0
		reg[ 7 ] 0
end state

@@@
state:
	pc 2
	memory:
		mem[ 0 ] 8454152
		mem[ 1 ] 3
		mem[ 2 ] 1638403
		mem[ 3 ] 589825
		mem[ 4 ] 17629185
		mem[ 5 ] 16842748
		mem[ 6 ] 12779529
		mem[ 7 ] 25165824
		mem[ 8 ] 1
		mem[ 9 ] 0
	registers:
		reg[ 0 ] 0
		reg[ 1 ] 524288
		reg[ 2 ] 0
		reg[ 3 ] 524287
		reg[ 4 ] 0
		reg[ 5 ] 0
		reg[ 6 ] 0
		reg[ 7 ] 0
end state

@@@
state:
	pc 3
	memory:
		mem[ 0 ] 8454152
		mem[ 1 ] 3
		mem[ 2 ] 1638403
		mem[ 3 ] 589825
		mem[ 4 ] 17629185
		mem[ 5 ] 16842748
		mem[ 6 ] 12779529
		mem[ 7 ] 25165824
		mem[ 8 ] 1
		mem[ 9 ] 0
	registers:
		reg[ 0 ] 0
		reg[ 1 ] 524288
		reg[ 2 ] 0
		reg[ 3 ] 1048575
		reg[ 4 ] 0
		reg[ 5 ] 0
		reg[ 6 ] 0
		reg[ 7 ] 0
end state

@@@
state:
	pc 4
	memory:
		mem[ 0 ] 8454152
		mem[ 1 ] 3
		mem[ 2 ] 1638403
		mem[ 3 ] 589825
		mem[ 4 ] 17629185
		mem[ 5 ] 16842748
		mem[ 6 ] 12779529
		mem[ 7 ] 25165824
		mem[ 8 ] 1
		mem[ 9 ] 0
	registers:
		reg[ 0 ] 0
		reg[ 1 ] 1048576
		reg[ 2 ] 0
		reg[ 3 ] 1048575
		reg[ 4 ] 0
		reg[ 5 ] 0
		reg[ 6 ] 0
		reg[ 7 ] 0
end state

@@@
state:
	pc 5
	memory:
		mem[ 0 ] 8454152
		mem[ 1 ] 3
		mem[ 2 ] 1638403
		mem[ 3 ] 589825
		mem[ 4 ] 17629185
		mem[ 5 ] 16842748
		mem[ 6 ] 12779529
		mem[ 7 ] 25165824
		mem[ 8 ] 1
		mem[ 9 ] 0
	registers:
		reg[ 0 ] 0
		reg[ 1 ] 1048576
		reg[ 2 ] 0
		reg[ 3 ] 1048575
		reg[ 4 ] 0
		reg[ 5 ] 0
		reg[ 6 ] 0
		reg[ 7 ] 0
end state

@@@
state:
	pc 2
	memory:
		mem[ 0 ] 8454152
		mem[ 1 ] 3
		mem[ 2 ] 1638403
		mem[ 3 ] 589825
		mem[ 4 ] 17629185
		mem[ 5 ] 16842748
		mem[ 6 ] 12779529
		mem[ 7 ] 25165824
		mem[ 8 ] 1
		mem[ 9 ] 0
	registers:
		reg[ 0 ] 0
		reg[ 1 ] 1048576
		reg[ 2 ] 0
		reg[ 3 ] 1048575
		reg[ 4 ] 0
		reg[ 5 ] 0
		reg[ 6 ] 0
		reg[ 7 ] 0
end state

@@@
state:
	pc 3
	memory:
		mem[ 0 ] 8454152
		mem[ 1 ] 3
		mem[ 2 ] 1638403
		mem[ 3 ] 589825
		mem[ 4 ] 17629185
		mem[ 5 ] 16842748
		mem[ 6 ] 12779529
		mem[ 7 ] 25165824
		mem[ 8 ] 1
		mem[ 9 ] 0
	registers:
		reg[ 0 ] 0
		reg[ 1 ] 1048576
		reg[ 2 ] 0
		reg[ 3 ] 2097151
		reg[ 4 ] 0
		reg[ 5 ] 0
		reg[ 6 ] 0
		reg[ 7 ] 0
end state

@@@
state:
	pc 4
	memory:
		mem[ 0 ] 8454152
		mem[ 1 ] 3
		mem[ 2 ] 1638403
		mem[ 3 ] 589825
		mem[ 4 ] 17629185
		mem[ 5 ] 16842748
		mem[ 6 ] 12779529
		mem[ 7 ] 25165824
		mem[ 8 ] 1
		mem[ 9 ] 0
	registers:
		reg[ 0 ] 0
		reg[ 1 ] 2097152
		reg[ 2 ] 0
		reg[ 3 ] 2097151
		reg[ 4 ] 0
		reg[ 5 ] 0
		reg[ 6 ] 0
		reg[ 7 ] 0
end state

@@@
state:
	pc 5
	memory:
		mem[ 0 ] 8454152
		mem[ 1 ] 3
		mem[ 2 ] 1638403
		mem[ 3 ] 589825
		mem[ 4 ] 17629185
		mem[ 5 ] 16842748
		mem[ 6 ] 12779529
		mem[ 7 ] 25165824
		mem[ 8 ] 1
		mem[ 9 ] 0
	registers:
		reg[ 0 ] 0
		reg[ 1 ] 2097152
		reg[ 2 ] 0
		reg[ 3 ] 2097151
		reg[ 4 ] 0
		reg[ 5 ] 0
		reg[ 6 ] 0
		reg[ 7 ] 0
end state

@@@
state:
	pc 2
	memory:
		mem[ 0 ] 8454152
		mem[ 1 ] 3
		mem[ 2 ] 1638403
		mem[ 3 ] 589825
		mem[ 4 ] 17629185
		mem[ 5 ] 16842748
		mem[ 6 ] 12779529
		mem[ 7 ] 25165824
		mem[ 8 ] 1
		mem[ 9 ] 0
	registers:
		reg[ 0 ] 0
		reg[ 1 ] 2097152
		reg[ 2 ] 0
		reg[ 3 ] 2097151
		reg[ 4 ] 0
		reg[ 5 ] 0
		reg[ 6 ] 0
		reg[ 7 ] 0
end state

@@@
state:
	pc 3
	memory:
		mem[ 0 ] 8454152
		mem[ 1 ] 3
		mem[ 2 ] 1638403
		mem[ 3 ] 589825
		mem[ 4 ] 17629185
		mem[ 5 ] 16842748
		mem[ 6 ] 12779529
		mem[ 7 ] 25165824
		mem[ 8 ] 1
		mem[ 9 ] 0
	registers:
		reg[ 0 ] 0
		reg[ 1 ] 2097152
		reg[ 2 ] 0
		reg[ 3 ] 4194303
		reg[ 4 ] 0
		reg[ 5 ] 0
		reg[ 6 ] 0
		reg[ 7 ] 0
end state

@@@
state:
	pc 4
	memory:
		mem[ 0 ] 8454152
		mem[ 1 ] 3
		mem[ 2 ] 1638403
		mem[ 3 ] 589825
		mem[ 4 ] 17629185
		mem[ 5 ] 16842748
		mem[ 6 ] 12779529
		mem[ 7 ] 25165824
		mem[ 8 ] 1
		mem[ 9 ] 0
	registers:
		reg[ 0 ] 0
		reg[ 1 ] 4194304
		reg[ 2 ] 0
		reg[ 3 ] 4194303
		reg[ 4 ] 0
		reg[ 5 ] 0
		reg[ 6 ] 0
		reg[ 7 ] 0
end state

@@@
state:
	pc 5
	memory:
		mem[ 0 ] 8454152
		mem[ 1 ] 3
		mem[ 2 ] 1638403
		mem[ 3 ] 589825
		mem[ 4 ] 17629185
		mem[ 5 ] 16842748
		mem[ 6 ] 12779529
		mem[ 7 ] 25165824
		mem[ 8 ] 1
		mem[ 9 ] 0
	registers:
		reg[ 0 ] 0
		reg[ 1 ] 4194304
		reg[ 2 ] 0
		reg[ 3 ] 4194303
		reg[ 4 ] 0
		reg[ 5 ] 0
		reg[ 6 ] 0
		reg[ 7 ] 0
end state

@@@
state:
	pc 2
	memory:
		mem[ 0 ] 8454152
		mem[ 1 ] 3
		mem[ 2 ] 1638403
		mem[ 3 ] 589825
		mem[ 4 ] 17629185
		mem[ 5 ] 16842748
		mem[ 6 ] 12779529
		mem[ 7 ] 25165824
		mem[ 8 ] 1
		mem[ 9 ] 0
	registers:
		reg[ 0 ] 0
		reg[ 1 ] 4194304
		reg[ 2 ] 0
		reg[ 3 ] 4194303
		reg[ 4 ] 0
		reg[ 5 ] 0
		reg[ 6 ] 0
		reg[ 7 ] 0
end state

@@@
state:
	pc 3
	memory:
		mem[ 0 ] 8454152
		mem[ 1 ] 3
		mem[ 2 ] 1638403
		mem[ 3 ] 589825
		mem[ 4 ] 17629185
		mem[ 5 ] 16842748
		mem[ 6 ] 12779529
		mem[ 7 ] 25165824
		mem[ 8 ] 1
		mem[ 9 ] 0
	registers:
		reg[ 0 ] 0
		reg[ 1 ] 4194304
		reg[ 2 ] 0
		reg[ 3 ] 8388607
		reg[ 4 ] 0
		reg[ 5 ] 0
		reg[ 6 ] 0
		reg[ 7 ] 0
end state

@@@
state:
	pc 4
	memory:
		mem[ 0 ] 8454152
		mem[ 1 ] 3
		mem[ 2 ] 1638403
		mem[ 3 ] 589825
		mem[ 4 ] 17629185
		mem[ 5 ] 16842748
		mem[ 6 ] 12779529
		mem[ 7 ] 25165824
		mem[ 8 ] 1
		mem[ 9 ] 0
	registers:
		reg[ 0 ] 0
		reg[ 1 ] 8388608
		reg[ 2 ] 0
		reg[ 3 ] 8388607
		reg[ 4 ] 0
		reg[ 5 ] 0
		reg[ 6 ] 0
		reg[ 7 ] 0
end state

@@@
state:
	pc 5
	memory:
		mem[ 0 ] 8454152
		mem[ 1 ] 3
		mem[ 2 ] 1638403
		mem[ 3 ] 589825
		mem[ 4 ] 17629185
		mem[ 5 ] 16842748
		mem[ 6 ] 12779529
		mem[ 7 ] 25165824
		mem[ 8 ] 1
		mem[ 9 ] 0
	registers:
		reg[ 0 ] 0
		reg[ 1 ] 8388608
		reg[ 2 ] 0
		reg[ 3 ] 8388607
		reg[ 4 ] 0
		reg[ 5 ] 0
		reg[ 6 ] 0
		reg[ 7 ] 0
end state

@@@
state:
	pc 2
	memory:
		mem[ 0 ] 8454152
		mem[ 1 ] 3
		mem[ 2 ] 1638403
		mem[ 3 ] 589825
		mem[ 4 ] 17629185
		mem[ 5 ] 16842748
		mem[ 6 ] 12779529
		mem[ 7 ] 25165824
		mem[ 8 ] 1
		mem[ 9 ] 0
	registers:
		reg[ 0 ] 0
		reg[ 1 ] 8388608
		reg[ 2 ] 0
		reg[ 3 ] 8388607
		reg[ 4 ] 0
		reg[ 5 ] 0
		reg[ 6 ] 0
		reg[ 7 ] 0
end state

@@@
state:
	pc 3
	memory:
		mem[ 0 ] 8454152
		mem[ 1 ] 3
		mem[ 2 ] 1638403
		mem[ 3 ] 589825
		mem[ 4 ] 17629185
		mem[ 5 ] 16842748
		mem[ 6 ] 12779529
		mem[ 7 ] 25165824
		mem[ 8 ] 1
		mem[ 9 ] 0
	registers:
		reg[ 0 ] 0
		reg[ 1 ] 8388608
		reg[ 2 ] 0
		reg[ 3 ] 16777215
		reg[ 4 ] 0
		reg[ 5 ] 0
		reg[ 6 ] 0
		reg[ 7 ] 0
end state

@@@
state:
	pc 4
	memory:
		mem[ 0 ] 8454152
		mem[ 1 ] 3
		mem[ 2 ] 1638403
		mem[ 3 ] 589825
		mem[ 4 ] 17629185
		mem[ 5 ] 16842748
		mem[ 6 ] 12779529
		mem[ 7 ] 25165824
		mem[ 8 ] 1
		mem[ 9 ] 0
	registers:
		reg[ 0 ] 0
		reg[ 1 ] 16777216
		reg[ 2 ] 0
		reg[ 3 ] 16777215
		reg[ 4 ] 0
		reg[ 5 ] 0
		reg[ 6 ] 0
		reg[ 7 ] 0
end state

@@@
state:
	pc 5
	memory:
		mem[ 0 ] 8454152
		mem[ 1 ] 3
		mem[ 2 ] 1638403
		mem[ 3 ] 589825
		mem[ 4 ] 17629185
		mem[ 5 ] 16842748
		mem[ 6 ] 12779529
		mem[ 7 ] 25165824
		mem[ 8 ] 1
		mem[ 9 ] 0
	registers:
		reg[ 0 ] 0
		reg[ 1 ] 16777216
		reg[ 2 ] 0
		reg[ 3 ] 16777215
		reg[ 4 ] 0
		reg[ 5 ] 0
		reg[ 6 ] 0
		reg[ 7 ] 0
end state

@@@
state:
	pc 2
	memory:
		mem[ 0 ] 8454152
		mem[ 1 ] 3
		mem[ 2 ] 1638403
		mem[ 3 ] 589825
		mem[ 4 ] 17629185
		mem[ 5 ] 16842748
		mem[ 6 ] 12779529
		mem[ 7 ] 25165824
		mem[ 8 ] 1
		mem[ 9 ] 0
	registers:
		reg[ 0 ] 0
		reg[ 1 ] 16777216
		reg[ 2 ] 0
		reg[ 3 ] 16777215
		reg[ 4 ] 0
		reg[ 5 ] 0
		reg[ 6 ] 0
		reg[ 7 ] 0
end state

@@@
state:
	pc 3
	memory:
		mem[ 0 ] 8454152
		mem[ 1 ] 3
		mem[ 2 ] 1638403
		mem[ 3 ] 589825
		mem[ 4 ] 17629185
		mem[ 5 ] 16842748
		mem[ 6 ] 12779529
		mem[ 7 ] 25165824
		mem[ 8 ] 1
		mem[ 9 ] 0
	registers:
		reg[ 0 ] 0
		reg[ 1 ] 16777216
		reg[ 2 ] 0
		reg[ 3 ] 33554431
		reg[ 4 ] 0
		reg[ 5 ] 0
		reg[ 6 ] 0
		reg[ 7 ] 0
end state

@@@
state:
	pc 4
	memory:
		mem[ 0 ] 8454152
		mem[ 1 ] 3
		mem[ 2 ] 1638403
		mem[ 3 ] 589825
		mem[ 4 ] 17629185
		mem[ 5 ] 16842748
		mem[ 6 ] 12779529
		mem[ 7 ] 25165824
		mem[ 8 ] 1
		mem[ 9 ] 0
	registers:
		reg[ 0 ] 0
		reg[ 1 ] 33554432
		reg[ 2 ] 0
		reg[ 3 ] 33554431
		reg[ 4 ] 0
		reg[ 5 ] 0
		reg[ 6 ] 0
		reg[ 7 ] 0
end state

@@@
state:
	pc 5
	memory:
		mem[ 0 ] 8454152
		mem[ 1 ] 3
		mem[ 2 ] 1638403
		mem[ 3 ] 589825
		mem[ 4 ] 17629185
		mem[ 5 ] 16842748
		mem[ 6 ] 12779529
		mem[ 7 ] 25165824
		mem[ 8 ] 1
		mem[ 9 ] 0
	registers:
		reg[ 0 ] 0
		reg[ 1 ] 33554432
		reg[ 2 ] 0
		reg[ 3 ] 33554431
		reg[ 4 ] 0
		reg[ 5 ] 0
		reg[ 6 ] 0
		reg[ 7 ] 0
end state

@@@
state:
	pc 2
	memory:
		mem[ 0 ] 8454152
		mem[ 1 ] 3
		mem[ 2 ] 1638403
		mem[ 3 ] 589825
		mem[ 4 ] 17629185
		mem[ 5 ] 16842748
		mem[ 6 ] 12779529
		mem[ 7 ] 25165824
		mem[ 8 ] 1
		mem[ 9 ] 0
	registers:
		reg[ 0 ] 0
		reg[ 1 ] 33554432
		reg[ 2 ] 0
		reg[ 3 ] 33554431
		reg[ 4 ] 0
		reg[ 5 ] 0
		reg[ 6 ] 0
		reg[ 7 ] 0
end state

@@@
state:
	pc 3
	memory:
		mem[ 0 ] 8454152
		mem[ 1 ] 3
		mem[ 2 ] 1638403
		mem[ 3 ] 589825
		mem[ 4 ] 17629185
		mem[ 5 ] 16842748
		mem[ 6 ] 12779529
		mem[ 7 ] 25165824
		mem[ 8 ] 1
		mem[ 9 ] 0
	registers:
		reg[ 0 ] 0
		reg[ 1 ] 33554432
		reg[ 2 ] 0
		reg[ 3 ] 67108863
		reg[ 4 ] 0
		reg[ 5 ] 0
		reg[ 6 ] 0
		reg[ 7 ] 0
end state

@@@
state:
	pc 4
	memory:
		mem[ 0 ] 8454152
		mem[ 1 ] 3
		mem[ 2 ] 1638403
		mem[ 3 ] 589825
		mem[ 4 ] 17629185
		mem[ 5 ] 16842748
		mem[ 6 ] 12779529
		mem[ 7 ] 25165824
		mem[ 8 ] 1
		mem[ 9 ] 0
	registers:
		reg[ 0 ] 0
		reg[ 1 ] 67108864
		reg[ 2 ] 0
		reg[ 3 ] 67108863
		reg[ 4 ] 0
		reg[ 5 ] 0
		reg[ 6 ] 0
		reg[ 7 ] 0
end state

@@@
state:
	pc 5
	memory:
		mem[ 0 ] 8454152
		mem[ 1 ] 3
		mem[ 2 ] 1638403
		mem[ 3 ] 589825
		mem[ 4 ] 17629185
		mem[ 5 ] 16842748
		mem[ 6 ] 12779529
		mem[ 7 ] 25165824
		mem[ 8 ] 1
		mem[ 9 ] 0
	registers:
		reg[ 0 ] 0
		reg[ 1 ] 67108864
		reg[ 2 ] 0
		reg[ 3 ] 67108863
		reg[ 4 ] 0
		reg[ 5 ] 0
		reg[ 6 ] 0
		reg[ 7 ] 0
end state

@@@
state:
	pc 2
	memory:
		mem[ 0 ] 8454152
		mem[ 1 ] 3
		mem[ 2 ] 1638403
		mem[ 3 ] 589825
		mem[ 4 ] 17629185
		mem[ 5 ] 16842748
		mem[ 6 ] 12779529
		mem[ 7 ] 25165824
		mem[ 8 ] 1
		mem[ 9 ] 0
	registers:
		reg[ 0 ] 0
		reg[ 1 ] 67108864
		reg[ 2 ] 0
		reg[ 3 ] 67108863
		reg[ 4 ] 0
		reg[ 5 ] 0
		reg[ 6 ] 0
		reg[ 7 ] 0
end state

@@@
state:
	pc 3
	memory:
		mem[ 0 ] 8454152
		mem[ 1 ] 3
		mem[ 2 ] 1638403
		mem[ 3 ] 589825
		mem[ 4 ] 17629185
		mem[ 5 ] 16842748
		mem[ 6 ] 12779529
		mem[ 7 ] 25165824
		mem[ 8 ] 1
		mem[ 9 ] 0
	registers:
		reg[ 0 ] 0
		reg[ 1 ] 67108864
		reg[ 2 ] 0
		reg[ 3 ] 134217727
		reg[ 4 ] 0
		reg[ 5 ] 0
		reg[ 6 ] 0
		reg[ 7 ] 0
end state

@@@
state:
	pc 4
	memory:
		mem[ 0 ] 8454152
		mem[ 1 ] 3
		mem[ 2 ] 1638403
		mem[ 3 ] 589825
		mem[ 4 ] 17629185
		mem[ 5 ] 16842748
		mem[ 6 ] 12779529
		mem[ 7 ] 25165824
		mem[ 8 ] 1
		mem[ 9 ] 0
	registers:
		reg[ 0 ] 0
		reg[ 1 ] 134217728
		reg[ 2 ] 0
		reg[ 3 ] 134217727
		reg[ 4 ] 0
		reg[ 5 ] 0
		reg[ 6 ] 0
		reg[ 7 ] 0
end state

@@@
state:
	pc 5
	memory:
		mem[ 0 ] 8454152
		mem[ 1 ] 3
		mem[ 2 ] 1638403
		mem[ 3 ] 589825
		mem[ 4 ] 17629185
		mem[ 5 ] 16842748
		mem[ 6 ] 12779529
		mem[ 7 ] 25165824
		mem[ 8 ] 1
		mem[ 9 ] 0
	registers:
		reg[ 0 ] 0
		reg[ 1 ] 134217728
		reg[ 2 ] 0
		reg[ 3 ] 134217727
		reg[ 4 ] 0
		reg[ 5 ] 0
		reg[ 6 ] 0
		reg[ 7 ] 0
end state

@@@
state:
	pc 2
	memory:
		mem[ 0 ] 8454152
		mem[ 1 ] 3
		mem[ 2 ] 1638403
		mem[ 3 ] 589825
		mem[ 4 ] 17629185
		mem[ 5 ] 16842748
		mem[ 6 ] 12779529
		mem[ 7 ] 25165824
		mem[ 8 ] 1
		mem[ 9 ] 0
	registers:
		reg[ 0 ] 0
		reg[ 1 ] 134217728
		reg[ 2 ] 0
		reg[ 3 ] 134217727
		reg[ 4 ] 0
		reg[ 5 ] 0
		reg[ 6 ] 0
		reg[ 7 ] 0
end state

@@@
state:
	pc 3
	memory:
		mem[ 0 ] 8454152
		mem[ 1 ] 3
		mem[ 2 ] 1638403
		mem[ 3 ] 589825
		mem[ 4 ] 17629185
		mem[ 5 ] 16842748
		mem[ 6 ] 12779529
		mem[ 7 ] 25165824
		mem[ 8 ] 1
		mem[ 9 ] 0
	registers:
		reg[ 0 ] 0
		reg[ 1 ] 134217728
		reg[ 2 ] 0
		reg[ 3 ] 268435455
		reg[ 4 ] 0
		reg[ 5 ] 0
		reg[ 6 ] 0
		reg[ 7 ] 0
end state

@@@
state:
	pc 4
	memory:
		mem[ 0 ] 8454152
		mem[ 1 ] 3
		mem[ 2 ] 1638403
		mem[ 3 ] 589825
		mem[ 4 ] 17629185
		mem[ 5 ] 16842748
		mem[ 6 ] 12779529
		mem[ 7 ] 25165824
		mem[ 8 ] 1
		mem[ 9 ] 0
	registers:
		reg[ 0 ] 0
		reg[ 1 ] 268435456
		reg[ 2 ] 0
		reg[ 3 ] 268435455
		reg[ 4 ] 0
		reg[ 5 ] 0
		reg[ 6 ] 0
		reg[ 7 ] 0
end state

@@@
state:
	pc 5
	memory:
		mem[ 0 ] 8454152
		mem[ 1 ] 3
		mem[ 2 ] 1638403
		mem[ 3 ] 589825
		mem[ 4 ] 17629185
		mem[ 5 ] 16842748
		mem[ 6 ] 12779529
		mem[ 7 ] 25165824
		mem[ 8 ] 1
		mem[ 9 ] 0
	registers:
		reg[ 0 ] 0
		reg[ 1 ] 268435456
		reg[ 2 ] 0
		reg[ 3 ] 268435455
		reg[ 4 ] 0
		reg[ 5 ] 0
		reg[ 6 ] 0
		reg[ 7 ] 0
end state

@@@
state:
	pc 2
	memory:
		mem[ 0 ] 8454152
		mem[ 1 ] 3
		mem[ 2 ] 1638403
		mem[ 3 ] 589825
		mem[ 4 ] 17629185
		mem[ 5 ] 16842748
		mem[ 6 ] 12779529
		mem[ 7 ] 25165824
		mem[ 8 ] 1
		mem[ 9 ] 0
	registers:
		reg[ 0 ] 0
		reg[ 1 ] 268435456
		reg[ 2 ] 0
		reg[ 3 ] 268435455
		reg[ 4 ] 0
		reg[ 5 ] 0
		reg[ 6 ] 0
		reg[ 7 ] 0
end state

@@@
state:
	pc 3
	memory:
		mem[ 0 ] 8454152
		mem[ 1 ] 3
		mem[ 2 ] 1638403
		mem[ 3 ] 589825
		mem[ 4 ] 17629185
		mem[ 5 ] 16842748
		mem[ 6 ] 12779529
		mem[ 7 ] 25165824
		mem[ 8 ] 1
		mem[ 9 ] 0
	registers:
		reg[ 0 ] 0
		reg[ 1 ] 268435456
		reg[ 2 ] 0
		reg[ 3 ] 536870911
		reg[ 4 ] 0
		reg[ 5 ] 0
		reg[ 6 ] 0
		reg[ 7 ] 0
end state

@@@
state:
	pc 4
	memory:
		mem[ 0 ] 8454152
		mem[ 1 ] 3
		mem[ 2 ] 1638403
		mem[ 3 ] 589825
		mem[ 4 ] 17629185
		mem[ 5 ] 16842748
		mem[ 6 ] 12779529
		mem[ 7 ] 25165824
		mem[ 8 ] 1
		mem[ 9 ] 0
	registers:
		reg[ 0 ] 0
		reg[ 1 ] 536870912
		reg[ 2 ] 0
		reg[ 3 ] 536870911
		reg[ 4 ] 0
		reg[ 5 ] 0
		reg[ 6 ] 0
		reg[ 7 ] 0
end state

@@@
state:
	pc 5
	memory:
		mem[ 0 ] 8454152
		mem[ 1 ] 3
		mem[ 2 ] 1638403
		mem[ 3 ] 589825
		mem[ 4 ] 17629185
		mem[ 5 ] 16842748
		mem[ 6 ] 12779529
		mem[ 7 ] 25165824
		mem[ 8 ] 1
		mem[ 9 ] 0
	registers:
		reg[ 0 ] 0
		reg[ 1 ] 536870912
		reg[ 2 ] 0
		reg[ 3 ] 536870911
		reg[ 4 ] 0
		reg[ 5 ] 0
		reg[ 6 ] 0
		reg[ 7 ] 0
end state

@@@
state:
	pc 2
	memory:
		mem[ 0 ] 8454152
		mem[ 1 ] 3
		mem[ 2 ] 1638403
		mem[ 3 ] 589825
		mem[ 4 ] 17629185
		mem[ 5 ] 16842748
		mem[ 6 ] 12779529
		mem[ 7 ] 25165824
		mem[ 8 ] 1
		mem[ 9 ] 0
	registers:
		reg[ 0 ] 0
		reg[ 1 ] 536870912
		reg[ 2 ] 0
		reg[ 3 ] 536870911
		reg[ 4 ] 0
		reg[ 5 ] 0
		reg[ 6 ] 0
		reg[ 7 ] 0
end state

@@@
state:
	pc 3
	memory:
		mem[ 0 ] 8454152
		mem[ 1 ] 3
		mem[ 2 ] 1638403
		mem[ 3 ] 589825
		mem[ 4 ] 17629185
		mem[ 5 ] 16842748
		mem[ 6 ] 12779529
		mem[ 7 ] 25165824
		mem[ 8 ] 1
		mem[ 9 ] 0
	registers:
		reg[ 0 ] 0
		reg[ 1 ] 536870912
		reg[ 2 ] 0
		reg[ 3 ] 1073741823
		reg[ 4 ] 0
		reg[ 5 ] 0
		reg[ 6 ] 0
		reg[ 7 ] 0
end state

@@@
state:
	pc 4
	memory:
		mem[ 0 ] 8454152
		mem[ 1 ] 3
		mem[ 2 ] 1638403
		mem[ 3 ] 589825
		mem[ 4 ] 17629185
		mem[ 5 ] 16842748
		mem[ 6 ] 12779529
		mem[ 7 ] 25165824
		mem[ 8 ] 1
		mem[ 9 ] 0
	registers:
		reg[ 0 ] 0
		reg[ 1 ] 1073741824
		reg[ 2 ] 0
		reg[ 3 ] 1073741823
		reg[ 4 ] 0
		reg[ 5 ] 0
		reg[ 6 ] 0
		reg[ 7 ] 0
end state

@@@
state:
	pc 5
	memory:
		mem[ 0 ] 8454152
		mem[ 1 ] 3
		mem[ 2 ] 1638403
		mem[ 3 ] 589825
		mem[ 4 ] 17629185
		mem[ 5 ] 16842748
		mem[ 6 ] 12779529
		mem[ 7 ] 25165824
		mem[ 8 ] 1
		mem[ 9 ] 0
	registers:
		reg[ 0 ] 0
		reg[ 1 ] 1073741824
		reg[ 2 ] 0
		reg[ 3 ] 1073741823
		reg[ 4 ] 0
		reg[ 5 ] 0
		reg[ 6 ] 0
		reg[ 7 ] 0
end state

@@@
state:
	pc 2
	memory:
		mem[ 0 ] 8454152
		mem[ 1 ] 3
		mem[ 2 ] 1638403
		mem[ 3 ] 589825
		mem[ 4 ] 17629185
		mem[ 5 ] 16842748
		mem[ 6 ] 12779529
		mem[ 7 ] 25165824
		mem[ 8 ] 1
		mem[ 9 ] 0
	registers:
		reg[ 0 ] 0
		reg[ 1 ] 1073741824
		reg[ 2 ] 0
		reg[ 3 ] 1073741823
		reg[ 4 ] 0
		reg[ 5 ] 0
		reg[ 6 ] 0
		reg[ 7 ] 0
end state

@@@
state:
	pc 3
	memory:
		mem[ 0 ] 8454152
		mem[ 1 ] 3
		mem[ 2 ] 1638403
		mem[ 3 ] 589825
		mem[ 4 ] 17629185
		mem[ 5 ] 16842748
		mem[ 6 ] 12779529
		mem[ 7 ] 25165824
		mem[ 8 ] 1
		mem[ 9 ] 0
	registers:
		reg[ 0 ] 0
		reg[ 1 ] 1073741824
		reg[ 2 ] 0
		reg[ 3 ] 2147483647
		reg[ 4 ] 0
		reg[ 5 ] 0
		reg[ 6 ] 0
		reg[ 7 ] 0
end state

@@@
state:
	pc 4
	memory:
		mem[ 0 ] 8454152
		mem[ 1 ] 3
		mem[ 2 ] 1638403
		mem[ 3 ] 589825
		mem[ 4 ] 17629185
		mem[ 5 ] 16842748
		mem[ 6 ] 12779529
		mem[ 7 ] 25165824
		mem[ 8 ] 1
		mem[ 9 ] 0
	registers:
		reg[ 0 ] 0
		reg[ 1 ] -2147483648
		reg[ 2 ] 0
		reg[ 3 ] 2147483647
		reg[ 4 ] 0
		reg[ 5 ] 0
		reg[ 6 ] 0
		reg[ 7 ] 0
end state

@@@
state:
	pc 5
	memory:
		mem[ 0 ] 8454152
		mem[ 1 ] 3
		mem[ 2 ] 1638403
		mem[ 3 ] 589825
		mem[ 4 ] 17629185
		mem[ 5 ] 16842748
		mem[ 6 ] 12779529
		mem[ 7 ] 25165824
		mem[ 8 ] 1
		mem[ 9 ] 0
	registers:
		reg[ 0 ] 0
		reg[ 1 ] -2147483648
		reg[ 2 ] 0
		reg[ 3 ] 2147483647
		reg[ 4 ] 0
		reg[ 5 ] 0
		reg[ 6 ] 0
		reg[ 7 ] 0
end state

@@@
state:
	pc 2
	memory:
		mem[ 0 ] 8454152
		mem[ 1 ] 3
		mem[ 2 ] 1638403
		mem[ 3 ] 589825
		mem[ 4 ] 17629185
		mem[ 5 ] 16842748
		mem[ 6 ] 12779529
		mem[ 7 ] 25165824
		mem[ 8 ] 1
		mem[ 9 ] 0
	registers:
		reg[ 0 ] 0
		reg[ 1 ] -2147483648
		reg[ 2 ] 0
		reg[ 3 ] 2147483647
		reg[ 4 ] 0
		reg[ 5 ] 0
		reg[ 6 ] 0
		reg[ 7 ] 0
end state

@@@
state:
	pc 3
	memory:
		mem[ 0 ] 8454152
		mem[ 1 ] 3
		mem[ 2 ] 1638403
		mem[ 3 ] 589825
		mem[ 4 ] 17629185
		mem[ 5 ] 16842748
		mem[ 6 ] 12779529
		mem[ 7 ] 25165824
		mem[ 8 ] 1
		mem[ 9 ] 0
	registers:
		reg[ 0 ] 0
		reg[ 1 ] -2147483648
		reg[ 2 ] 0
		reg[ 3 ] -1
		reg[ 4 ] 0
		reg[ 5 ] 0
		reg[ 6 ] 0
		reg[ 7 ] 0
end state

@@@
state:
	pc 4
	memory:
		mem[ 0 ] 8454152
		mem[ 1 ] 3
		mem[ 2 ] 1638403
		mem[ 3 ] 589825
		mem[ 4 ] 17629185
		mem[ 5 ] 16842748
		mem[ 6 ] 12779529
		mem[ 7 ] 25165824
		mem[ 8 ] 1
		mem[ 9 ] 0
	registers:
		reg[ 0 ] 0
		reg[ 1 ] 0
		reg[ 2 ] 0
		reg[ 3 ] -1
		reg[ 4 ] 0
		reg[ 5 ] 0
		reg[ 6 ] 0
		reg[ 7 ] 0
end state

@@@
state:
	pc 6
	memory:
		mem[ 0 ] 8454152
		mem[ 1 ] 3
		mem[ 2 ] 1638403
		mem[ 3 ] 589825
		mem[ 4 ] 17629185
		mem[ 5 ] 16842748
		mem[ 6 ] 12779529
		mem[ 7 ] 25165824
		mem[ 8 ] 1
		mem[ 9 ] 0
	registers:
		reg[ 0 ] 0
		reg[ 1 ] 0
		reg[ 2 ] 0
		reg[ 3 ] -1
		reg[ 4 ] 0
		reg[ 5 ] 0
		reg[ 6 ] 0
		reg[ 7 ] 0
end state

@@@
state:
	pc 7
	memory:
		mem[ 0 ] 8454152
		mem[ 1 ] 3
		mem[ 2 ] 1638403
		mem[ 3 ] 589825
		mem[ 4 ] 17629185
		mem[ 5 ] 16842748
		mem[ 6 ] 12779529
		mem[ 7 ] 25165824
		mem[ 8 ] 1
		mem[ 9 ] -1
	registers:
		reg[ 0 ] 0
		reg[ 1 ] 0
		reg[ 2 ] 0
		reg[ 3 ] -1
		reg[ 4 ] 0
		reg[ 5 ] 0
		reg[ 6 ] 0
		reg[ 7 ] 0
end state
machine halted
total of 131 instructions executed
final state of machine:

@@@
state:
	pc 8
	memory:
		mem[ 0 ] 8454152
		mem[ 1 ] 3
		mem[ 2 ] 1638403
		mem[ 3 ] 589825
		mem[ 4 ] 17629185
		mem[ 5 ] 16842748
		mem[ 6 ] 12779529
		mem[ 7 ] 25165824
		mem[ 8 ] 1
		mem[ 9 ] -1
	registers:
		reg[ 0 ] 0
		reg[ 1 ] 0
		reg[ 2 ] 0
		reg[ 3 ] -1
		reg[ 4 ] 0
		reg[ 5 ] 0
		reg[ 6 ] 0
		reg[ 7 ] 0
end state
